#
# A fatal error has been detected by the Java Runtime Environment:
#
#  EXCEPTION_ACCESS_VIOLATION (0xc0000005) at pc=0x000000006376f9ca, pid=5280, tid=5528
#
# JRE version: 7.0_17-b02
# Java VM: Java HotSpot(TM) 64-Bit Server VM (23.7-b01 mixed mode windows-amd64 compressed oops)
# Problematic frame:
# V  [jvm.dll+0x16f9ca]
#
# Failed to write core dump. Minidumps are not enabled by default on client versions of Windows
#
# If you would like to submit a bug report, please visit:
#   http://bugreport.sun.com/bugreport/crash.jsp
#

---------------  T H R E A D  ---------------

Current thread (0x000000001126f800):  JavaThread "JDWP Transport Listener: dt_socket" daemon [_thread_in_vm, id=5528, stack(0x0000000012dc0000,0x0000000012ec0000)]

siginfo: ExceptionCode=0xc0000005, reading address 0x0000000000000000

Registers:
RAX=0x0000000000000000, RBX=0x0000000013749bd0, RCX=0x0000000000000000, RDX=0x0000000000000000
RSP=0x0000000012ebf1b0, RBP=0x0000000012ebf230, RSI=0x0000000000000000, RDI=0x0000000013749bd8
R8 =0x00000006fd0ba388, R9 =0x0000000065e10000, R10=0x0000000000000000, R11=0x0000000000000000
R12=0x00000000112724b0, R13=0x0000000000000000, R14=0x0000000012ebf5d0, R15=0x000000001126f800
RIP=0x000000006376f9ca, EFLAGS=0x0000000000010246

Top of Stack: (sp=0x0000000012ebf1b0)
0x0000000012ebf1b0:   0000000700dfd818 0000000013749bd0
0x0000000012ebf1c0:   0000000012ebf230 0000000013749750
0x0000000012ebf1d0:   0000000013749bd0 0000000013751738
0x0000000012ebf1e0:   0000000000000000 0000000013749bb0
0x0000000012ebf1f0:   000000001126f800 0000000000000000
0x0000000012ebf200:   0000000013c6b800 0000000000000427
0x0000000012ebf210:   0000000013c6bc60 0000000013749b98
0x0000000012ebf220:   0000000013749d48 0000000013b4d520
0x0000000012ebf230:   0000000012ebf5d0 000000001126f800
0x0000000012ebf240:   00000000025c7d60 0000000011263750
0x0000000012ebf250:   0000000000000000 0000000011272480
0x0000000012ebf260:   0000000012ebf309 0000000063770229
0x0000000012ebf270:   0000000000000178 0000000000000000
0x0000000012ebf280:   0000000013749b98 000000001126f800
0x0000000012ebf290:   0000000000000000 0000000000000000
0x0000000012ebf2a0:   000000001126f800 0000000107000000 

Instructions: (pc=0x000000006376f9ca)
0x000000006376f9aa:   76 0f ba 08 00 00 00 49 8b cc e8 a7 b5 f1 ff eb
0x000000006376f9ba:   05 49 89 4c 24 10 4c 89 28 48 89 45 b0 4c 8b 03
0x000000006376f9ca:   48 8b 08 41 8b 50 3c 85 d2 75 09 41 8b 40 34 89
0x000000006376f9da:   41 3c eb 03 89 51 3c 4d 8b a7 08 01 00 00 b9 10 


Register to memory mapping:

RAX=0x0000000000000000 is an unknown value
RBX=0x0000000013749bd0 is an unknown value
RCX=0x0000000000000000 is an unknown value
RDX=0x0000000000000000 is an unknown value
RSP=0x0000000012ebf1b0 is pointing into the stack for thread: 0x000000001126f800
RBP=0x0000000012ebf230 is pointing into the stack for thread: 0x000000001126f800
RSI=0x0000000000000000 is an unknown value
RDI=0x0000000013749bd8 is an unknown value
R8 =0x00000006fd0ba388 is an oop

[error occurred during error reporting (printing register info), id 0xe0000000]

Stack: [0x0000000012dc0000,0x0000000012ec0000],  sp=0x0000000012ebf1b0,  free space=1020k
Native frames: (J=compiled Java code, j=interpreted, Vv=VM code, C=native code)
V  [jvm.dll+0x16f9ca]
C  0x000000001126f800


---------------  P R O C E S S  ---------------

Java Threads: ( => current thread )
  0x0000000013b5e800 JavaThread "Task-Thread-for-com.mchange.v2.async.ThreadPerTaskAsynchronousRunner@662d167e" daemon [_thread_blocked, id=1080, stack(0x000000001ac60000,0x000000001ad60000)]
  0x0000000013b5e000 JavaThread "Task-Thread-for-com.mchange.v2.async.ThreadPerTaskAsynchronousRunner@662d167e" daemon [_thread_blocked, id=2660, stack(0x000000001a9f0000,0x000000001aaf0000)]
  0x0000000013b5d000 JavaThread "Task-Thread-for-com.mchange.v2.async.ThreadPerTaskAsynchronousRunner@662d167e" daemon [_thread_blocked, id=5668, stack(0x000000001a880000,0x000000001a980000)]
  0x0000000013b5c800 JavaThread "Task-Thread-for-com.mchange.v2.async.ThreadPerTaskAsynchronousRunner@662d167e" daemon [_thread_blocked, id=580, stack(0x000000001a690000,0x000000001a790000)]
  0x0000000013b5b800 JavaThread "Task-Thread-for-com.mchange.v2.async.ThreadPerTaskAsynchronousRunner@662d167e" daemon [_thread_blocked, id=2868, stack(0x000000001a4a0000,0x000000001a5a0000)]
  0x0000000013b5b000 JavaThread "Task-Thread-for-com.mchange.v2.async.ThreadPerTaskAsynchronousRunner@662d167e" daemon [_thread_blocked, id=5716, stack(0x0000000018600000,0x0000000018700000)]
  0x0000000013b5a000 JavaThread "Task-Thread-for-com.mchange.v2.async.ThreadPerTaskAsynchronousRunner@662d167e" daemon [_thread_blocked, id=5248, stack(0x000000001a250000,0x000000001a350000)]
  0x0000000013b59800 JavaThread "Task-Thread-for-com.mchange.v2.async.ThreadPerTaskAsynchronousRunner@662d167e" daemon [_thread_blocked, id=5616, stack(0x000000001a0e0000,0x000000001a1e0000)]
  0x0000000015540000 JavaThread "Task-Thread-for-com.mchange.v2.async.ThreadPerTaskAsynchronousRunner@662d167e" daemon [_thread_blocked, id=3020, stack(0x0000000019f40000,0x000000001a040000)]
  0x000000001553f800 JavaThread "Task-Thread-for-com.mchange.v2.async.ThreadPerTaskAsynchronousRunner@662d167e" daemon [_thread_blocked, id=4788, stack(0x0000000019d70000,0x0000000019e70000)]
  0x000000001553e000 JavaThread "com.mchange.v2.async.ThreadPoolAsynchronousRunner$PoolThread-#2" daemon [_thread_blocked, id=5596, stack(0x0000000019a90000,0x0000000019b90000)]
  0x000000001553d000 JavaThread "com.mchange.v2.async.ThreadPoolAsynchronousRunner$PoolThread-#1" daemon [_thread_blocked, id=4488, stack(0x00000000198c0000,0x00000000199c0000)]
  0x00000000152a8000 JavaThread "com.mchange.v2.async.ThreadPoolAsynchronousRunner$PoolThread-#0" daemon [_thread_blocked, id=5124, stack(0x0000000018a20000,0x0000000018b20000)]
  0x000000001553c800 JavaThread "Task-Thread-for-com.mchange.v2.async.ThreadPerTaskAsynchronousRunner@de5262f" daemon [_thread_blocked, id=5100, stack(0x0000000017af0000,0x0000000017bf0000)]
  0x000000001553b800 JavaThread "Task-Thread-for-com.mchange.v2.async.ThreadPerTaskAsynchronousRunner@de5262f" daemon [_thread_blocked, id=4252, stack(0x00000000196f0000,0x00000000197f0000)]
  0x000000001553b000 JavaThread "Task-Thread-for-com.mchange.v2.async.ThreadPerTaskAsynchronousRunner@de5262f" daemon [_thread_blocked, id=5092, stack(0x0000000019540000,0x0000000019640000)]
  0x000000001553a000 JavaThread "Task-Thread-for-com.mchange.v2.async.ThreadPerTaskAsynchronousRunner@de5262f" daemon [_thread_blocked, id=3372, stack(0x00000000193b0000,0x00000000194b0000)]
  0x0000000015539800 JavaThread "Task-Thread-for-com.mchange.v2.async.ThreadPerTaskAsynchronousRunner@de5262f" daemon [_thread_blocked, id=5408, stack(0x0000000019090000,0x0000000019190000)]
  0x00000000152ab800 JavaThread "Task-Thread-for-com.mchange.v2.async.ThreadPerTaskAsynchronousRunner@de5262f" daemon [_thread_blocked, id=3480, stack(0x00000000191c0000,0x00000000192c0000)]
  0x00000000152ab000 JavaThread "Task-Thread-for-com.mchange.v2.async.ThreadPerTaskAsynchronousRunner@de5262f" daemon [_thread_blocked, id=2724, stack(0x0000000018bb0000,0x0000000018cb0000)]
  0x00000000152aa000 JavaThread "Task-Thread-for-com.mchange.v2.async.ThreadPerTaskAsynchronousRunner@de5262f" daemon [_thread_blocked, id=5320, stack(0x0000000018f80000,0x0000000019080000)]
  0x00000000152a9800 JavaThread "Task-Thread-for-com.mchange.v2.async.ThreadPerTaskAsynchronousRunner@de5262f" daemon [_thread_blocked, id=5312, stack(0x0000000018dc0000,0x0000000018ec0000)]
  0x00000000152a8800 JavaThread "Task-Thread-for-com.mchange.v2.async.ThreadPerTaskAsynchronousRunner@de5262f" daemon [_thread_blocked, id=5576, stack(0x0000000018cc0000,0x0000000018dc0000)]
  0x00000000152a7000 JavaThread "com.mchange.v2.async.ThreadPoolAsynchronousRunner$PoolThread-#2" daemon [_thread_blocked, id=1068, stack(0x00000000188d0000,0x00000000189d0000)]
  0x00000000152a6800 JavaThread "com.mchange.v2.async.ThreadPoolAsynchronousRunner$PoolThread-#1" daemon [_thread_blocked, id=4240, stack(0x0000000018700000,0x0000000018800000)]
  0x0000000013dcd000 JavaThread "com.mchange.v2.async.ThreadPoolAsynchronousRunner$PoolThread-#0" daemon [_thread_blocked, id=4208, stack(0x00000000179c0000,0x0000000017ac0000)]
  0x00000000152a5800 JavaThread "Task-Thread-for-com.mchange.v2.async.ThreadPerTaskAsynchronousRunner@3d8fe9b5" daemon [_thread_blocked, id=2612, stack(0x00000000184b0000,0x00000000185b0000)]
  0x00000000152a5000 JavaThread "Task-Thread-for-com.mchange.v2.async.ThreadPerTaskAsynchronousRunner@3d8fe9b5" daemon [_thread_blocked, id=4888, stack(0x00000000183b0000,0x00000000184b0000)]
  0x0000000013dd1000 JavaThread "Task-Thread-for-com.mchange.v2.async.ThreadPerTaskAsynchronousRunner@3d8fe9b5" daemon [_thread_blocked, id=5748, stack(0x0000000018240000,0x0000000018340000)]
  0x0000000013dd0000 JavaThread "Task-Thread-for-com.mchange.v2.async.ThreadPerTaskAsynchronousRunner@3d8fe9b5" daemon [_thread_blocked, id=5032, stack(0x00000000180f0000,0x00000000181f0000)]
  0x0000000013dcf800 JavaThread "Task-Thread-for-com.mchange.v2.async.ThreadPerTaskAsynchronousRunner@3d8fe9b5" daemon [_thread_blocked, id=1972, stack(0x0000000017fa0000,0x00000000180a0000)]
  0x0000000013dce800 JavaThread "Task-Thread-for-com.mchange.v2.async.ThreadPerTaskAsynchronousRunner@3d8fe9b5" daemon [_thread_blocked, id=5008, stack(0x0000000017dc0000,0x0000000017ec0000)]
  0x0000000013dce000 JavaThread "Task-Thread-for-com.mchange.v2.async.ThreadPerTaskAsynchronousRunner@3d8fe9b5" daemon [_thread_blocked, id=4280, stack(0x0000000017bf0000,0x0000000017cf0000)]
  0x0000000013dcc800 JavaThread "com.mchange.v2.async.ThreadPoolAsynchronousRunner$PoolThread-#2" daemon [_thread_blocked, id=4660, stack(0x0000000017710000,0x0000000017810000)]
  0x0000000013dcb800 JavaThread "com.mchange.v2.async.ThreadPoolAsynchronousRunner$PoolThread-#1" daemon [_thread_blocked, id=3672, stack(0x0000000017840000,0x0000000017940000)]
  0x0000000013dcb000 JavaThread "com.mchange.v2.async.ThreadPoolAsynchronousRunner$PoolThread-#0" daemon [_thread_blocked, id=4620, stack(0x00000000160d0000,0x00000000161d0000)]
  0x00000000140c3800 JavaThread "com.mchange.v2.async.ThreadPoolAsynchronousRunner$PoolThread-#2" daemon [_thread_blocked, id=5920, stack(0x0000000016570000,0x0000000016670000)]
  0x00000000140c2800 JavaThread "com.mchange.v2.async.ThreadPoolAsynchronousRunner$PoolThread-#1" daemon [_thread_blocked, id=4460, stack(0x00000000147d0000,0x00000000148d0000)]
  0x00000000140c4000 JavaThread "com.mchange.v2.async.ThreadPoolAsynchronousRunner$PoolThread-#0" daemon [_thread_blocked, id=2764, stack(0x0000000014560000,0x0000000014660000)]
  0x00000000140c5000 JavaThread "Timer-15" daemon [_thread_blocked, id=4128, stack(0x0000000013250000,0x0000000013350000)]
  0x00000000140c2000 JavaThread "HashSessionScavenger-15" daemon [_thread_blocked, id=3964, stack(0x0000000014420000,0x0000000014520000)]
  0x00000000140c1000 JavaThread "qtp145624615-26" [_thread_blocked, id=5896, stack(0x0000000016380000,0x0000000016480000)]
  0x00000000140c0800 JavaThread "qtp145624615-25 Selector0" [_thread_in_native, id=6084, stack(0x00000000142a0000,0x00000000143a0000)]
  0x00000000140bf800 JavaThread "qtp145624615-24" [_thread_blocked, id=3356, stack(0x00000000161d0000,0x00000000162d0000)]
  0x00000000140af800 JavaThread "qtp145624615-23" [_thread_blocked, id=1108, stack(0x0000000012ae0000,0x0000000012be0000)]
  0x0000000013f4f800 JavaThread "qtp145624615-22" [_thread_blocked, id=5724, stack(0x0000000015f90000,0x0000000016090000)]
  0x0000000013f4d800 JavaThread "qtp145624615-21" [_thread_blocked, id=5168, stack(0x0000000015e80000,0x0000000015f80000)]
  0x0000000013f4d000 JavaThread "qtp145624615-20" [_thread_blocked, id=4184, stack(0x0000000015cc0000,0x0000000015dc0000)]
  0x0000000013f4c800 JavaThread "qtp145624615-19 Acceptor0 SelectChannelConnector@0.0.0.0:80" [_thread_in_native, id=2652, stack(0x0000000015b50000,0x0000000015c50000)]
  0x000000001363a800 JavaThread "JFinal-Scanner" daemon [_thread_blocked, id=3776, stack(0x0000000013890000,0x0000000013990000)]
  0x0000000011295800 JavaThread "Service Thread" daemon [_thread_blocked, id=6136, stack(0x0000000013390000,0x0000000013490000)]
  0x0000000011293800 JavaThread "C2 CompilerThread1" daemon [_thread_blocked, id=4592, stack(0x00000000130e0000,0x00000000131e0000)]
  0x0000000011290000 JavaThread "C2 CompilerThread0" daemon [_thread_blocked, id=5324, stack(0x0000000012250000,0x0000000012350000)]
  0x0000000011281800 JavaThread "JDWP Command Reader" daemon [_thread_in_native, id=2636, stack(0x0000000012f90000,0x0000000013090000)]
  0x000000001127e000 JavaThread "JDWP Event Helper Thread" daemon [_thread_blocked, id=4536, stack(0x0000000012ca0000,0x0000000012da0000)]
=>0x000000001126f800 JavaThread "JDWP Transport Listener: dt_socket" daemon [_thread_in_vm, id=5528, stack(0x0000000012dc0000,0x0000000012ec0000)]
  0x0000000011269000 JavaThread "Attach Listener" daemon [_thread_blocked, id=6108, stack(0x00000000126f0000,0x00000000127f0000)]
  0x0000000011262000 JavaThread "Signal Dispatcher" daemon [_thread_blocked, id=5828, stack(0x0000000012800000,0x0000000012900000)]
  0x00000000025e7800 JavaThread "Finalizer" daemon [_thread_blocked, id=5204, stack(0x0000000012550000,0x0000000012650000)]
  0x00000000025e0800 JavaThread "Reference Handler" daemon [_thread_blocked, id=3604, stack(0x0000000012380000,0x0000000012480000)]
  0x00000000002be800 JavaThread "main" [_thread_blocked, id=5872, stack(0x00000000027f0000,0x00000000028f0000)]

Other Threads:
  0x00000000111c3000 VMThread [stack: 0x0000000012150000,0x0000000012250000] [id=5964]
  0x0000000013490800 WatcherThread [stack: 0x00000000139a0000,0x0000000013aa0000] [id=5532]

VM state:not at safepoint (normal execution)

VM Mutex/Monitor currently owned by a thread: None

Heap
 PSYoungGen      total 72576K, used 0K [0x00000007aaf60000, 0x00000007af6b0000, 0x0000000800000000)
  eden space 72512K, 0% used [0x00000007aaf60000,0x00000007aaf60068,0x00000007af630000)
  from space 64K, 0% used [0x00000007af6a0000,0x00000007af6a0000,0x00000007af6b0000)
  to   space 256K, 0% used [0x00000007af630000,0x00000007af630000,0x00000007af670000)
 ParOldGen       total 2786624K, used 13677K [0x0000000700e00000, 0x00000007aaf50000, 0x00000007aaf60000)
  object space 2786624K, 0% used [0x0000000700e00000,0x0000000701b5b528,0x00000007aaf50000)
 PSPermGen       total 83968K, used 83966K [0x00000006fbc00000, 0x0000000700e00000, 0x0000000700e00000)
  object space 83968K, 99% used [0x00000006fbc00000,0x0000000700dff8a0,0x0000000700e00000)

Card table byte_map: [0x00000000058f0000,0x0000000006120000] byte_map_base: 0x0000000002112000

Polling page: 0x0000000000120000

Code Cache  [0x00000000028f0000, 0x0000000002c00000, 0x00000000058f0000)
 total_blobs=1249 nmethods=897 adapters=311 free_code_cache=46086Kb largest_free_block=47137280

Compilation events (10 events):
Event: 894.800 Thread 0x0000000011293800  907             sun.reflect.ClassFileAssembler::cpi (22 bytes)
Event: 894.800 Thread 0x0000000011293800 nmethod 907 0x0000000002bc1f10 code [0x0000000002bc2040, 0x0000000002bc20b8]
Event: 895.035 Thread 0x0000000011290000  908             java.util.concurrent.locks.AbstractQueuedSynchronizer::compareAndSetState (13 bytes)
Event: 895.035 Thread 0x0000000011290000 nmethod 908 0x0000000002bc1c90 code [0x0000000002bc1dc0, 0x0000000002bc1e38]
Event: 895.045 Thread 0x0000000011293800  909             java.util.concurrent.locks.ReentrantLock$Sync::tryRelease (45 bytes)
Event: 895.045 Thread 0x0000000011293800 nmethod 909 0x0000000002bf4110 code [0x0000000002bf4240, 0x0000000002bf42f8]
Event: 895.113 Thread 0x0000000011290000  910             java.util.concurrent.locks.AbstractQueuedSynchronizer::release (33 bytes)
Event: 895.116 Thread 0x0000000011290000 nmethod 910 0x0000000002bf2210 code [0x0000000002bf2360, 0x0000000002bf25c8]
Event: 915.115 Thread 0x0000000011293800  911             java.util.HashMap::putAllForCreate (51 bytes)
Event: 915.193 Thread 0x0000000011293800 nmethod 911 0x0000000002bf43d0 code [0x0000000002bf45c0, 0x0000000002bf5028]

GC Heap History (10 events):
Event: 979.344 GC heap before
{Heap before GC invocations=255 (full 121):
 PSYoungGen      total 71936K, used 64K [0x00000007aaf60000, 0x00000007af5f0000, 0x0000000800000000)
  eden space 71744K, 0% used [0x00000007aaf60000,0x00000007aaf60000,0x00000007af570000)
  from space 192K, 33% used [0x00000007af5c0000,0x00000007af5d0000,0x00000007af5f0000)
  to   space 256K, 0% used [0x00000007af570000,0x00000007af570000,0x00000007af5b0000)
 ParOldGen       total 2786688K, used 13766K [0x0000000700e00000, 0x00000007aaf60000, 0x00000007aaf60000)
  object space 2786688K, 0% used [0x0000000700e00000,0x0000000701b71a50,0x00000007aaf60000)
 PSPermGen       total 83968K, used 83967K [0x00000006fbc00000, 0x0000000700e00000, 0x0000000700e00000)
  object space 83968K, 99% used [0x00000006fbc00000,0x0000000700dffff0,0x0000000700e00000)
Event: 979.411 GC heap after
Heap after GC invocations=255 (full 121):
 PSYoungGen      total 71936K, used 0K [0x00000007aaf60000, 0x00000007af5f0000, 0x0000000800000000)
  eden space 71744K, 0% used [0x00000007aaf60000,0x00000007aaf60000,0x00000007af570000)
  from space 192K, 0% used [0x00000007af5c0000,0x00000007af5c0000,0x00000007af5f0000)
  to   space 256K, 0% used [0x00000007af570000,0x00000007af570000,0x00000007af5b0000)
 ParOldGen       total 2786560K, used 13686K [0x0000000700e00000, 0x00000007aaf40000, 0x00000007aaf60000)
  object space 2786560K, 0% used [0x0000000700e00000,0x0000000701b5d820,0x00000007aaf40000)
 PSPermGen       total 83968K, used 83916K [0x00000006fbc00000, 0x0000000700e00000, 0x0000000700e00000)
  object space 83968K, 99% used [0x00000006fbc00000,0x0000000700df3070,0x0000000700e00000)
}
Event: 979.413 GC heap before
{Heap before GC invocations=256 (full 121):
 PSYoungGen      total 71936K, used 11K [0x00000007aaf60000, 0x00000007af5f0000, 0x0000000800000000)
  eden space 71744K, 0% used [0x00000007aaf60000,0x00000007aaf62c48,0x00000007af570000)
  from space 192K, 0% used [0x00000007af5c0000,0x00000007af5c0000,0x00000007af5f0000)
  to   space 256K, 0% used [0x00000007af570000,0x00000007af570000,0x00000007af5b0000)
 ParOldGen       total 2786560K, used 13686K [0x0000000700e00000, 0x00000007aaf40000, 0x00000007aaf60000)
  object space 2786560K, 0% used [0x0000000700e00000,0x0000000701b5d820,0x00000007aaf40000)
 PSPermGen       total 83968K, used 83966K [0x00000006fbc00000, 0x0000000700e00000, 0x0000000700e00000)
  object space 83968K, 99% used [0x00000006fbc00000,0x0000000700dff8a0,0x0000000700e00000)
Event: 979.424 GC heap after
Heap after GC invocations=256 (full 121):
 PSYoungGen      total 72000K, used 0K [0x00000007aaf60000, 0x00000007af6e0000, 0x0000000800000000)
  eden space 71744K, 0% used [0x00000007aaf60000,0x00000007aaf60000,0x00000007af570000)
  from space 256K, 0% used [0x00000007af570000,0x00000007af570000,0x00000007af5b0000)
  to   space 256K, 0% used [0x00000007af6a0000,0x00000007af6a0000,0x00000007af6e0000)
 ParOldGen       total 2786560K, used 13686K [0x0000000700e00000, 0x00000007aaf40000, 0x00000007aaf60000)
  object space 2786560K, 0% used [0x0000000700e00000,0x0000000701b5d820,0x00000007aaf40000)
 PSPermGen       total 83968K, used 83966K [0x00000006fbc00000, 0x0000000700e00000, 0x0000000700e00000)
  object space 83968K, 99% used [0x00000006fbc00000,0x0000000700dff8a0,0x0000000700e00000)
}
Event: 979.424 GC heap before
{Heap before GC invocations=257 (full 122):
 PSYoungGen      total 72000K, used 0K [0x00000007aaf60000, 0x00000007af6e0000, 0x0000000800000000)
  eden space 71744K, 0% used [0x00000007aaf60000,0x00000007aaf60000,0x00000007af570000)
  from space 256K, 0% used [0x00000007af570000,0x00000007af570000,0x00000007af5b0000)
  to   space 256K, 0% used [0x00000007af6a0000,0x00000007af6a0000,0x00000007af6e0000)
 ParOldGen       total 2786560K, used 13686K [0x0000000700e00000, 0x00000007aaf40000, 0x00000007aaf60000)
  object space 2786560K, 0% used [0x0000000700e00000,0x0000000701b5d820,0x00000007aaf40000)
 PSPermGen       total 83968K, used 83966K [0x00000006fbc00000, 0x0000000700e00000, 0x0000000700e00000)
  object space 83968K, 99% used [0x00000006fbc00000,0x0000000700dff8a0,0x0000000700e00000)
Event: 979.490 GC heap after
Heap after GC invocations=257 (full 122):
 PSYoungGen      total 72000K, used 0K [0x00000007aaf60000, 0x00000007af6e0000, 0x0000000800000000)
  eden space 71744K, 0% used [0x00000007aaf60000,0x00000007aaf60000,0x00000007af570000)
  from space 256K, 0% used [0x00000007af570000,0x00000007af570000,0x00000007af5b0000)
  to   space 256K, 0% used [0x00000007af6a0000,0x00000007af6a0000,0x00000007af6e0000)
 ParOldGen       total 2786624K, used 13677K [0x0000000700e00000, 0x00000007aaf50000, 0x00000007aaf60000)
  object space 2786624K, 0% used [0x0000000700e00000,0x0000000701b5b528,0x00000007aaf50000)
 PSPermGen       total 83968K, used 83966K [0x00000006fbc00000, 0x0000000700e00000, 0x0000000700e00000)
  object space 83968K, 99% used [0x00000006fbc00000,0x0000000700dff8a0,0x0000000700e00000)
}
Event: 979.490 GC heap before
{Heap before GC invocations=258 (full 122):
 PSYoungGen      total 72000K, used 0K [0x00000007aaf60000, 0x00000007af6e0000, 0x0000000800000000)
  eden space 71744K, 0% used [0x00000007aaf60000,0x00000007aaf60000,0x00000007af570000)
  from space 256K, 0% used [0x00000007af570000,0x00000007af570000,0x00000007af5b0000)
  to   space 256K, 0% used [0x00000007af6a0000,0x00000007af6a0000,0x00000007af6e0000)
 ParOldGen       total 2786624K, used 13677K [0x0000000700e00000, 0x00000007aaf50000, 0x00000007aaf60000)
  object space 2786624K, 0% used [0x0000000700e00000,0x0000000701b5b528,0x00000007aaf50000)
 PSPermGen       total 83968K, used 83966K [0x00000006fbc00000, 0x0000000700e00000, 0x0000000700e00000)
  object space 83968K, 99% used [0x00000006fbc00000,0x0000000700dff8a0,0x0000000700e00000)
Event: 979.491 GC heap after
Heap after GC invocations=258 (full 122):
 PSYoungGen      total 72576K, used 0K [0x00000007aaf60000, 0x00000007af6b0000, 0x0000000800000000)
  eden space 72512K, 0% used [0x00000007aaf60000,0x00000007aaf60000,0x00000007af630000)
  from space 64K, 0% used [0x00000007af6a0000,0x00000007af6a0000,0x00000007af6b0000)
  to   space 256K, 0% used [0x00000007af630000,0x00000007af630000,0x00000007af670000)
 ParOldGen       total 2786624K, used 13677K [0x0000000700e00000, 0x00000007aaf50000, 0x00000007aaf60000)
  object space 2786624K, 0% used [0x0000000700e00000,0x0000000701b5b528,0x00000007aaf50000)
 PSPermGen       total 83968K, used 83966K [0x00000006fbc00000, 0x0000000700e00000, 0x0000000700e00000)
  object space 83968K, 99% used [0x00000006fbc00000,0x0000000700dff8a0,0x0000000700e00000)
}
Event: 979.491 GC heap before
{Heap before GC invocations=259 (full 123):
 PSYoungGen      total 72576K, used 0K [0x00000007aaf60000, 0x00000007af6b0000, 0x0000000800000000)
  eden space 72512K, 0% used [0x00000007aaf60000,0x00000007aaf60000,0x00000007af630000)
  from space 64K, 0% used [0x00000007af6a0000,0x00000007af6a0000,0x00000007af6b0000)
  to   space 256K, 0% used [0x00000007af630000,0x00000007af630000,0x00000007af670000)
 ParOldGen       total 2786624K, used 13677K [0x0000000700e00000, 0x00000007aaf50000, 0x00000007aaf60000)
  object space 2786624K, 0% used [0x0000000700e00000,0x0000000701b5b528,0x00000007aaf50000)
 PSPermGen       total 83968K, used 83966K [0x00000006fbc00000, 0x0000000700e00000, 0x0000000700e00000)
  object space 83968K, 99% used [0x00000006fbc00000,0x0000000700dff8a0,0x0000000700e00000)
Event: 979.550 GC heap after
Heap after GC invocations=259 (full 123):
 PSYoungGen      total 72576K, used 0K [0x00000007aaf60000, 0x00000007af6b0000, 0x0000000800000000)
  eden space 72512K, 0% used [0x00000007aaf60000,0x00000007aaf60000,0x00000007af630000)
  from space 64K, 0% used [0x00000007af6a0000,0x00000007af6a0000,0x00000007af6b0000)
  to   space 256K, 0% used [0x00000007af630000,0x00000007af630000,0x00000007af670000)
 ParOldGen       total 2786624K, used 13677K [0x0000000700e00000, 0x00000007aaf50000, 0x00000007aaf60000)
  object space 2786624K, 0% used [0x0000000700e00000,0x0000000701b5b528,0x00000007aaf50000)
 PSPermGen       total 83968K, used 83966K [0x00000006fbc00000, 0x0000000700e00000, 0x0000000700e00000)
  object space 83968K, 99% used [0x00000006fbc00000,0x0000000700dff8a0,0x0000000700e00000)
}

Deoptimization events (10 events):
Event: 894.522 Thread 0x000000001363a800 Uncommon trap -89 fr.pc 0x00000000029a64c4
Event: 894.522 Thread 0x000000001363a800 Uncommon trap -89 fr.pc 0x00000000029a64c4
Event: 894.522 Thread 0x000000001363a800 Uncommon trap -89 fr.pc 0x00000000029a64c4
Event: 894.522 Thread 0x000000001363a800 Uncommon trap -89 fr.pc 0x00000000029a64c4
Event: 894.522 Thread 0x000000001363a800 Uncommon trap -89 fr.pc 0x00000000029a64c4
Event: 894.522 Thread 0x000000001363a800 Uncommon trap -89 fr.pc 0x00000000029a64c4
Event: 894.523 Thread 0x000000001363a800 Uncommon trap -89 fr.pc 0x00000000029a64c4
Event: 894.523 Thread 0x000000001363a800 Uncommon trap -89 fr.pc 0x00000000029a64c4
Event: 895.583 Thread 0x00000000140c3800 Uncommon trap -83 fr.pc 0x000000000297bd30
Event: 895.583 Thread 0x00000000140c3800 Uncommon trap -83 fr.pc 0x0000000002a0a824

Internal exceptions (10 events):
Event: 967.129 Thread 0x0000000015540000 Threw 0x00000006fbca8b78 at C:\jdk7u2_64p\jdk7u17\hotspot\src\share\vm\gc_interface/collectedHeap.inline.hpp:226
Event: 967.138 Thread 0x0000000015540000 Threw 0x00000006fbca8b78 at C:\jdk7u2_64p\jdk7u17\hotspot\src\share\vm\prims\jvm.cpp:1170
Event: 967.138 Thread 0x000000001553e800 Threw 0x00000007aaf60068 at C:\jdk7u2_64p\jdk7u17\hotspot\src\share\vm\runtime\objectMonitor.cpp:1433
Event: 970.387 Thread 0x00000000152a8000 Threw 0x00000006fbca8b78 at C:\jdk7u2_64p\jdk7u17\hotspot\src\share\vm\gc_interface/collectedHeap.inline.hpp:226
Event: 970.395 Thread 0x00000000152a8000 Threw 0x00000006fbca8b78 at C:\jdk7u2_64p\jdk7u17\hotspot\src\share\vm\prims\jvm.cpp:1170
Event: 970.584 Thread 0x000000001553d000 Threw 0x00000006fbca8b78 at C:\jdk7u2_64p\jdk7u17\hotspot\src\share\vm\gc_interface/collectedHeap.inline.hpp:226
Event: 970.593 Thread 0x000000001553d000 Threw 0x00000006fbca8b78 at C:\jdk7u2_64p\jdk7u17\hotspot\src\share\vm\prims\jvm.cpp:1170
Event: 970.781 Thread 0x000000001553e000 Threw 0x00000006fbca8b78 at C:\jdk7u2_64p\jdk7u17\hotspot\src\share\vm\gc_interface/collectedHeap.inline.hpp:226
Event: 970.789 Thread 0x000000001553e000 Threw 0x00000006fbca8b78 at C:\jdk7u2_64p\jdk7u17\hotspot\src\share\vm\prims\jvm.cpp:1170
Event: 979.550 Thread 0x000000001126f800 Threw 0x00000006fbca8b78 at C:\jdk7u2_64p\jdk7u17\hotspot\src\share\vm\gc_interface/collectedHeap.inline.hpp:226

Events (10 events):
Event: 970.462 Executing VM operation: ParallelGCFailedPermanentAllocation
Event: 970.584 Executing VM operation: ParallelGCFailedPermanentAllocation done
Event: 970.595 Executing VM operation: ParallelGCFailedPermanentAllocation
Event: 970.657 Executing VM operation: ParallelGCFailedPermanentAllocation done
Event: 970.658 Executing VM operation: ParallelGCFailedPermanentAllocation
Event: 970.781 Executing VM operation: ParallelGCFailedPermanentAllocation done
Event: 979.334 Executing VM operation: ParallelGCFailedPermanentAllocation
Event: 979.411 Executing VM operation: ParallelGCFailedPermanentAllocation done
Event: 979.413 Executing VM operation: ParallelGCFailedPermanentAllocation
Event: 979.550 Executing VM operation: ParallelGCFailedPermanentAllocation done


Dynamic libraries:
0x000000013f250000 - 0x000000013f283000 	D:\Java\jre7\bin\javaw.exe
0x0000000076fd0000 - 0x0000000077179000 	C:\Windows\SYSTEM32\ntdll.dll
0x0000000076db0000 - 0x0000000076ecf000 	C:\Windows\system32\kernel32.dll
0x000007fefd100000 - 0x000007fefd16c000 	C:\Windows\system32\KERNELBASE.dll
0x000007fefead0000 - 0x000007fefebab000 	C:\Windows\system32\ADVAPI32.dll
0x000007fefe1c0000 - 0x000007fefe25f000 	C:\Windows\system32\msvcrt.dll
0x000007fefe450000 - 0x000007fefe46f000 	C:\Windows\SYSTEM32\sechost.dll
0x000007feff080000 - 0x000007feff1ad000 	C:\Windows\system32\RPCRT4.dll
0x0000000076ed0000 - 0x0000000076fca000 	C:\Windows\system32\USER32.dll
0x000007fefe360000 - 0x000007fefe3c7000 	C:\Windows\system32\GDI32.dll
0x000007fefee40000 - 0x000007fefee4e000 	C:\Windows\system32\LPK.dll
0x000007fefe290000 - 0x000007fefe359000 	C:\Windows\system32\USP10.dll
0x000007fefb640000 - 0x000007fefb834000 	C:\Windows\WinSxS\amd64_microsoft.windows.common-controls_6595b64144ccf1df_6.0.7601.17514_none_fa396087175ac9ac\COMCTL32.dll
0x000007fefedc0000 - 0x000007fefee31000 	C:\Windows\system32\SHLWAPI.dll
0x000007fefe7b0000 - 0x000007fefe7de000 	C:\Windows\system32\IMM32.DLL
0x000007fefe9c0000 - 0x000007fefeac9000 	C:\Windows\system32\MSCTF.dll
0x0000000065e10000 - 0x0000000065ee1000 	D:\Java\jre7\bin\msvcr100.dll
0x0000000063600000 - 0x0000000063d1f000 	D:\Java\jre7\bin\server\jvm.dll
0x000007fefa940000 - 0x000007fefa949000 	C:\Windows\system32\WSOCK32.dll
0x000007fefe110000 - 0x000007fefe15d000 	C:\Windows\system32\WS2_32.dll
0x000007fefe260000 - 0x000007fefe268000 	C:\Windows\system32\NSI.dll
0x000007fefab20000 - 0x000007fefab5b000 	C:\Windows\system32\WINMM.dll
0x0000000077190000 - 0x0000000077197000 	C:\Windows\system32\PSAPI.DLL
0x0000000072700000 - 0x000000007270f000 	D:\Java\jre7\bin\verify.dll
0x000000006cc90000 - 0x000000006ccb8000 	D:\Java\jre7\bin\java.dll
0x000000006c350000 - 0x000000006c385000 	D:\Java\jre7\bin\jdwp.dll
0x0000000072710000 - 0x0000000072718000 	D:\Java\jre7\bin\npt.dll
0x000000006e760000 - 0x000000006e775000 	D:\Java\jre7\bin\zip.dll
0x0000000072580000 - 0x0000000072589000 	D:\Java\jre7\bin\dt_socket.dll
0x000007fefb130000 - 0x000007fefb145000 	C:\Windows\system32\NLAapi.dll
0x000007fef6f10000 - 0x000007fef6f25000 	C:\Windows\system32\napinsp.dll
0x000007fef6ef0000 - 0x000007fef6f09000 	C:\Windows\system32\pnrpnsp.dll
0x000007fefc740000 - 0x000007fefc795000 	C:\Windows\System32\mswsock.dll
0x000007fefc5c0000 - 0x000007fefc61b000 	C:\Windows\system32\DNSAPI.dll
0x000007fef6ee0000 - 0x000007fef6eeb000 	C:\Windows\System32\winrnr.dll
0x000007fefaf30000 - 0x000007fefaf57000 	C:\Windows\system32\IPHLPAPI.DLL
0x000007fefaf60000 - 0x000007fefaf6b000 	C:\Windows\system32\WINNSI.DLL
0x000007fefaec0000 - 0x000007fefaf13000 	C:\Windows\System32\fwpuclnt.dll
0x000007fef7dd0000 - 0x000007fef7dd8000 	C:\Windows\system32\rasadhlp.dll
0x000007fefc0e0000 - 0x000007fefc0e7000 	C:\Windows\System32\wshtcpip.dll
0x000000006e3a0000 - 0x000000006e3b9000 	D:\Java\jre7\bin\net.dll
0x000007fefc730000 - 0x000007fefc737000 	C:\Windows\System32\wship6.dll
0x000000006ce50000 - 0x000000006ce61000 	D:\Java\jre7\bin\nio.dll
0x000007fefc7a0000 - 0x000007fefc7b7000 	C:\Windows\system32\CRYPTSP.dll
0x000007fefc4a0000 - 0x000007fefc4e7000 	C:\Windows\system32\rsaenh.dll
0x000007fefc220000 - 0x000007fefc23e000 	C:\Windows\system32\USERENV.dll
0x000007fefced0000 - 0x000007fefcedf000 	C:\Windows\system32\profapi.dll
0x000007fefce00000 - 0x000007fefce0f000 	C:\Windows\system32\CRYPTBASE.dll
0x000000006cc80000 - 0x000000006cc8b000 	D:\Java\jre7\bin\management.dll
0x000007fef7f70000 - 0x000007fef8095000 	C:\Windows\system32\dbghelp.dll

VM Arguments:
jvm_args: -agentlib:jdwp=transport=dt_socket,suspend=y,address=localhost:50758 -Dfile.encoding=UTF-8 
java_command: com.jfinal.core.JFinal
Launcher Type: SUN_STANDARD

Environment Variables:
JAVA_HOME=D:\Java\jdk1.8.0;D:\Java\jdk1.7.0_17
CLASSPATH=.;D:\Java\jdk1.6.0_29\lib\dt.jar;D:\Java\jdk1.6.0_29\lib\tools.jar
PATH=D:\Maven\apache-maven-3.2.1\bin;D:\Java\jdk1.6.0_29\bin;D:\Java\jdk1.6.0_29\jre\bin;D:\Tomcat\apache-tomcat-6.0.18\bin;C:\Windows\system32;D:\Java\jre8\bin;D:\Java\bin;C:\Java\bin;D:\Java\jre7\bin;D:\android-sdk-windows\tools;C:\Program Files\nodejs\;C:\Program Files (x86)\Microsoft SQL Server\90\Tools\binn\;D:\android-sdk-windows\tools;C:\Users\Administrator\AppData\Roaming\npm
USERNAME=Administrator
OS=Windows_NT
PROCESSOR_IDENTIFIER=Intel64 Family 6 Model 58 Stepping 9, GenuineIntel



---------------  S Y S T E M  ---------------

OS: Windows 7 , 64 bit Build 7601 Service Pack 1

CPU:total 4 (4 cores per cpu, 1 threads per core) family 6 model 58 stepping 9, cmov, cx8, fxsr, mmx, sse, sse2, sse3, ssse3, sse4.1, sse4.2, popcnt, avx, tsc, tscinvbit, tscinv

Memory: 4k page, physical 16717804k(11973212k free), swap 33433744k(25195340k free)

vm_info: Java HotSpot(TM) 64-Bit Server VM (23.7-b01) for windows-amd64 JRE (1.7.0_17-b02), built on Mar  1 2013 03:38:30 by "java_re" with unknown MS VC++:1600

time: Wed Nov 11 16:31:25 2015
elapsed time: 979 seconds

